<?xml version="1.0" encoding="UTF-8"?>
<!-- Generated by org.testng.reporters.JUnitReportReporter -->
<testsuite hostname="ELW4007" failures="0" tests="1" name="testCases.TC001_AccountRegistrationTest" time="3.849" errors="0" timestamp="2024-08-22T10:24:53 IST" skipped="0">
  <testcase classname="testCases.TC001_AccountRegistrationTest" name="verifyAccountRegistration" time="3.849"/>
</testsuite> <!-- testCases.TC001_AccountRegistrationTest -->
