<?xml version="1.0" encoding="UTF-8"?>
<!-- Generated by org.testng.reporters.JUnitReportReporter -->
<testsuite hostname="ELW4007" failures="0" tests="1" name="testCases.TC002_LoginTest" time="1.776" errors="0" timestamp="2024-08-22T10:24:53 IST" skipped="0">
  <testcase classname="testCases.TC002_LoginTest" name="login" time="1.776"/>
</testsuite> <!-- testCases.TC002_LoginTest -->
