<?xml version="1.0" encoding="UTF-8"?>
<!-- Generated by org.testng.reporters.JUnitReportReporter -->
<testsuite hostname="ELW4007" failures="0" tests="1" name="testCases.TC002_LoginTest" time="2.480" errors="0" timestamp="2024-09-04T10:54:29 IST" skipped="0">
  <testcase classname="testCases.TC002_LoginTest" name="login" time="2.480"/>
</testsuite> <!-- testCases.TC002_LoginTest -->
