<?xml version="1.0" encoding="UTF-8"?>
<!-- Generated by org.testng.reporters.JUnitReportReporter -->
<testsuite hostname="ELW4007" failures="0" tests="1" name="testCases.TC001_AccountRegistrationTest" time="3.232" errors="0" timestamp="2024-09-04T11:05:22 IST" skipped="0">
  <testcase classname="testCases.TC001_AccountRegistrationTest" name="verifyAccountRegistration" time="3.232"/>
</testsuite> <!-- testCases.TC001_AccountRegistrationTest -->
